c:\users\влад\source\repos\nast4\nast4\debug\vc142.pdb
c:\users\влад\source\repos\nast4\nast4\debug\vc142.idb
c:\users\влад\source\repos\nast4\nast4\debug\nast4.obj
c:\users\влад\source\repos\nast4\nast4\debug\comp.obj
c:\users\влад\source\repos\nast4\debug\nast4.exe
c:\users\влад\source\repos\nast4\nast4\debug\nast4.ilk
c:\users\влад\source\repos\nast4\debug\nast4.pdb
c:\users\влад\source\repos\nast4\nast4\debug\list.obj
c:\users\влад\source\repos\nast4\nast4\debug\nast4.tlog\cl.command.1.tlog
c:\users\влад\source\repos\nast4\nast4\debug\nast4.tlog\cl.read.1.tlog
c:\users\влад\source\repos\nast4\nast4\debug\nast4.tlog\cl.write.1.tlog
c:\users\влад\source\repos\nast4\nast4\debug\nast4.tlog\link.29680-cvtres.read.1.tlog
c:\users\влад\source\repos\nast4\nast4\debug\nast4.tlog\link.29680-cvtres.write.1.tlog
c:\users\влад\source\repos\nast4\nast4\debug\nast4.tlog\link.29680-rc.read.1.tlog
c:\users\влад\source\repos\nast4\nast4\debug\nast4.tlog\link.29680-rc.write.1.tlog
c:\users\влад\source\repos\nast4\nast4\debug\nast4.tlog\link.29680.read.1.tlog
c:\users\влад\source\repos\nast4\nast4\debug\nast4.tlog\link.29680.write.1.tlog
c:\users\влад\source\repos\nast4\nast4\debug\nast4.tlog\link.command.1.tlog
c:\users\влад\source\repos\nast4\nast4\debug\nast4.tlog\link.read.1.tlog
c:\users\влад\source\repos\nast4\nast4\debug\nast4.tlog\link.write.1.tlog
